<?xml version="1.0" encoding="UTF-8"?>
<!-- Generated by org.testng.reporters.JUnitReportReporter -->
<testsuite hostname="DESKTOP-1OHPAJG" failures="0" tests="1" name="com.test.Muthu.AppTest" time="0.012" errors="0" timestamp="27 Feb 2024 08:26:55 GMT" skipped="0">
  <testcase classname="com.test.Muthu.AppTest" name="dat" time="0.012"/>
</testsuite> <!-- com.test.Muthu.AppTest -->
