<?xml version="1.0" encoding="UTF-8"?>
<!-- Generated by org.testng.reporters.JUnitReportReporter -->
<testsuite hostname="DESKTOP-1OHPAJG" failures="0" tests="1" name="com.test.Muthu.AppTest" time="0.008" errors="0" timestamp="2024-02-28T11:31:01 IST" skipped="0">
  <testcase classname="com.test.Muthu.AppTest" name="dat" time="0.008"/>
  <system-out/>
</testsuite> <!-- com.test.Muthu.AppTest -->
